{"meta": {"format": 3, "version": "7.12.0", "timestamp": "2025-12-07T13:17:58.822203", "branch_coverage": false, "show_contexts": false}, "files": {".claude/skills/__init__.py": {"executed_lines": [], "summary": {"covered_lines": 0, "num_statements": 0, "percent_covered": 100.0, "percent_covered_display": "100", "missing_lines": 0, "excluded_lines": 0, "percent_statements_covered": 100.0, "percent_statements_covered_display": "100"}, "missing_lines": [], "excluded_lines": [], "functions": {"": {"executed_lines": [], "summary": {"covered_lines": 0, "num_statements": 0, "percent_covered": 100.0, "percent_covered_display": "100", "missing_lines": 0, "excluded_lines": 0, "percent_statements_covered": 100.0, "percent_statements_covered_display": "100"}, "missing_lines": [], "excluded_lines": []}}, "classes": {"": {"executed_lines": [], "summary": {"covered_lines": 0, "num_statements": 0, "percent_covered": 100.0, "percent_covered_display": "100", "missing_lines": 0, "excluded_lines": 0, "percent_statements_covered": 100.0, "percent_statements_covered_display": "100"}, "missing_lines": [], "excluded_lines": []}}}, ".claude/skills/agentdb-state-manager/__init__.py": {"executed_lines": [], "summary": {"covered_lines": 0, "num_statements": 0, "percent_covered": 100.0, "percent_covered_display": "100", "missing_lines": 0, "excluded_lines": 0, "percent_statements_covered": 100.0, "percent_statements_covered_display": "100"}, "missing_lines": [], "excluded_lines": [], "functions": {"": {"executed_lines": [], "summary": {"covered_lines": 0, "num_statements": 0, "percent_covered": 100.0, "percent_covered_display": "100", "missing_lines": 0, "excluded_lines": 0, "percent_statements_covered": 100.0, "percent_statements_covered_display": "100"}, "missing_lines": [], "excluded_lines": []}}, "classes": {"": {"executed_lines": [], "summary": {"covered_lines": 0, "num_statements": 0, "percent_covered": 100.0, "percent_covered_display": "100", "missing_lines": 0, "excluded_lines": 0, "percent_statements_covered": 100.0, "percent_statements_covered_display": "100"}, "missing_lines": [], "excluded_lines": []}}}, ".claude/skills/agentdb-state-manager/scripts/__init__.py": {"executed_lines": [], "summary": {"covered_lines": 0, "num_statements": 1, "percent_covered": 0.0, "percent_covered_display": "0", "missing_lines": 1, "excluded_lines": 0, "percent_statements_covered": 0.0, "percent_statements_covered_display": "0"}, "missing_lines": [3], "excluded_lines": [], "functions": {"": {"executed_lines": [], "summary": {"covered_lines": 0, "num_statements": 1, "percent_covered": 0.0, "percent_covered_display": "0", "missing_lines": 1, "excluded_lines": 0, "percent_statements_covered": 0.0, "percent_statements_covered_display": "0"}, "missing_lines": [3], "excluded_lines": []}}, "classes": {"": {"executed_lines": [], "summary": {"covered_lines": 0, "num_statements": 1, "percent_covered": 0.0, "percent_covered_display": "0", "missing_lines": 1, "excluded_lines": 0, "percent_statements_covered": 0.0, "percent_statements_covered_display": "0"}, "missing_lines": [3], "excluded_lines": []}}}, ".claude/skills/agentdb-state-manager/scripts/analyze_metrics.py": {"executed_lines": [], "summary": {"covered_lines": 0, "num_statements": 16, "percent_covered": 0.0, "percent_covered_display": "0", "missing_lines": 16, "excluded_lines": 0, "percent_statements_covered": 0.0, "percent_statements_covered_display": "0"}, "missing_lines": [8, 11, 12, 13, 14, 15, 20, 38, 48, 49, 50, 51, 52, 53, 56, 57], "excluded_lines": [], "functions": {"main": {"executed_lines": [], "summary": {"covered_lines": 0, "num_statements": 12, "percent_covered": 0.0, "percent_covered_display": "0", "missing_lines": 12, "excluded_lines": 0, "percent_statements_covered": 0.0, "percent_statements_covered_display": "0"}, "missing_lines": [12, 13, 14, 15, 20, 38, 48, 49, 50, 51, 52, 53], "excluded_lines": []}, "": {"executed_lines": [], "summary": {"covered_lines": 0, "num_statements": 4, "percent_covered": 0.0, "percent_covered_display": "0", "missing_lines": 4, "excluded_lines": 0, "percent_statements_covered": 0.0, "percent_statements_covered_display": "0"}, "missing_lines": [8, 11, 56, 57], "excluded_lines": []}}, "classes": {"": {"executed_lines": [], "summary": {"covered_lines": 0, "num_statements": 16, "percent_covered": 0.0, "percent_covered_display": "0", "missing_lines": 16, "excluded_lines": 0, "percent_statements_covered": 0.0, "percent_statements_covered_display": "0"}, "missing_lines": [8, 11, 12, 13, 14, 15, 20, 38, 48, 49, 50, 51, 52, 53, 56, 57], "excluded_lines": []}}}, ".claude/skills/agentdb-state-manager/scripts/checkpoint_manager.py": {"executed_lines": [], "summary": {"covered_lines": 0, "num_statements": 39, "percent_covered": 0.0, "percent_covered_display": "0", "missing_lines": 39, "excluded_lines": 0, "percent_statements_covered": 0.0, "percent_statements_covered_display": "0"}, "missing_lines": [10, 11, 12, 15, 17, 19, 35, 41, 42, 43, 46, 48, 57, 58, 59, 62, 64, 71, 72, 73, 74, 77, 78, 79, 82, 83, 86, 89, 90, 92, 94, 95, 96, 97, 98, 99, 101, 104, 105], "excluded_lines": [], "functions": {"store_checkpoint": {"executed_lines": [], "summary": {"covered_lines": 0, "num_statements": 6, "percent_covered": 0.0, "percent_covered_display": "0", "missing_lines": 6, "excluded_lines": 0, "percent_statements_covered": 0.0, "percent_statements_covered_display": "0"}, "missing_lines": [17, 19, 35, 41, 42, 43], "excluded_lines": []}, "list_checkpoints": {"executed_lines": [], "summary": {"covered_lines": 0, "num_statements": 4, "percent_covered": 0.0, "percent_covered_display": "0", "missing_lines": 4, "excluded_lines": 0, "percent_statements_covered": 0.0, "percent_statements_covered_display": "0"}, "missing_lines": [48, 57, 58, 59], "excluded_lines": []}, "restore_checkpoint": {"executed_lines": [], "summary": {"covered_lines": 0, "num_statements": 5, "percent_covered": 0.0, "percent_covered_display": "0", "missing_lines": 5, "excluded_lines": 0, "percent_statements_covered": 0.0, "percent_statements_covered_display": "0"}, "missing_lines": [64, 71, 72, 73, 74], "excluded_lines": []}, "main": {"executed_lines": [], "summary": {"covered_lines": 0, "num_statements": 15, "percent_covered": 0.0, "percent_covered_display": "0", "missing_lines": 15, "excluded_lines": 0, "percent_statements_covered": 0.0, "percent_statements_covered_display": "0"}, "missing_lines": [78, 79, 82, 83, 86, 89, 90, 92, 94, 95, 96, 97, 98, 99, 101], "excluded_lines": []}, "": {"executed_lines": [], "summary": {"covered_lines": 0, "num_statements": 9, "percent_covered": 0.0, "percent_covered_display": "0", "missing_lines": 9, "excluded_lines": 0, "percent_statements_covered": 0.0, "percent_statements_covered_display": "0"}, "missing_lines": [10, 11, 12, 15, 46, 62, 77, 104, 105], "excluded_lines": []}}, "classes": {"": {"executed_lines": [], "summary": {"covered_lines": 0, "num_statements": 39, "percent_covered": 0.0, "percent_covered_display": "0", "missing_lines": 39, "excluded_lines": 0, "percent_statements_covered": 0.0, "percent_statements_covered_display": "0"}, "missing_lines": [10, 11, 12, 15, 17, 19, 35, 41, 42, 43, 46, 48, 57, 58, 59, 62, 64, 71, 72, 73, 74, 77, 78, 79, 82, 83, 86, 89, 90, 92, 94, 95, 96, 97, 98, 99, 101, 104, 105], "excluded_lines": []}}}, ".claude/skills/agentdb-state-manager/scripts/init_database.py": {"executed_lines": [], "summary": {"covered_lines": 0, "num_statements": 137, "percent_covered": 0.0, "percent_covered_display": "0", "missing_lines": 137, "excluded_lines": 0, "percent_statements_covered": 0.0, "percent_statements_covered_display": "0"}, "missing_lines": [20, 21, 22, 23, 24, 25, 26, 29, 35, 36, 39, 46, 47, 49, 50, 52, 56, 59, 60, 61, 62, 63, 64, 67, 74, 75, 78, 84, 87, 93, 96, 102, 105, 114, 115, 118, 128, 129, 131, 133, 134, 135, 136, 137, 138, 139, 140, 141, 144, 155, 157, 286, 287, 290, 292, 294, 295, 296, 297, 298, 301, 302, 303, 305, 306, 307, 308, 310, 313, 322, 324, 326, 327, 329, 332, 333, 334, 335, 336, 338, 339, 340, 342, 343, 344, 345, 347, 350, 358, 359, 360, 362, 363, 364, 365, 367, 368, 369, 370, 372, 373, 374, 375, 376, 378, 379, 380, 382, 383, 384, 386, 387, 388, 389, 391, 394, 396, 412, 413, 415, 417, 418, 419, 422, 423, 426, 427, 428, 430, 433, 436, 437, 440, 441, 444, 447, 448], "excluded_lines": [], "functions": {"get_default_db_path": {"executed_lines": [], "summary": {"covered_lines": 0, "num_statements": 5, "percent_covered": 0.0, "percent_covered_display": "0", "missing_lines": 5, "excluded_lines": 0, "percent_statements_covered": 0.0, "percent_statements_covered_display": "0"}, "missing_lines": [46, 47, 49, 50, 52], "excluded_lines": []}, "error_exit": {"executed_lines": [], "summary": {"covered_lines": 0, "num_statements": 2, "percent_covered": 0.0, "percent_covered_display": "0", "missing_lines": 2, "excluded_lines": 0, "percent_statements_covered": 0.0, "percent_statements_covered_display": "0"}, "missing_lines": [74, 75], "excluded_lines": []}, "success": {"executed_lines": [], "summary": {"covered_lines": 0, "num_statements": 1, "percent_covered": 0.0, "percent_covered_display": "0", "missing_lines": 1, "excluded_lines": 0, "percent_statements_covered": 0.0, "percent_statements_covered_display": "0"}, "missing_lines": [84], "excluded_lines": []}, "info": {"executed_lines": [], "summary": {"covered_lines": 0, "num_statements": 1, "percent_covered": 0.0, "percent_covered_display": "0", "missing_lines": 1, "excluded_lines": 0, "percent_statements_covered": 0.0, "percent_statements_covered_display": "0"}, "missing_lines": [93], "excluded_lines": []}, "warning": {"executed_lines": [], "summary": {"covered_lines": 0, "num_statements": 1, "percent_covered": 0.0, "percent_covered_display": "0", "missing_lines": 1, "excluded_lines": 0, "percent_statements_covered": 0.0, "percent_statements_covered_display": "0"}, "missing_lines": [102], "excluded_lines": []}, "generate_session_id": {"executed_lines": [], "summary": {"covered_lines": 0, "num_statements": 2, "percent_covered": 0.0, "percent_covered_display": "0", "missing_lines": 2, "excluded_lines": 0, "percent_statements_covered": 0.0, "percent_statements_covered_display": "0"}, "missing_lines": [114, 115], "excluded_lines": []}, "load_workflow_states": {"executed_lines": [], "summary": {"covered_lines": 0, "num_statements": 12, "percent_covered": 0.0, "percent_covered_display": "0", "missing_lines": 12, "excluded_lines": 0, "percent_statements_covered": 0.0, "percent_statements_covered_display": "0"}, "missing_lines": [128, 129, 131, 133, 134, 135, 136, 137, 138, 139, 140, 141], "excluded_lines": []}, "create_schema": {"executed_lines": [], "summary": {"covered_lines": 0, "num_statements": 19, "percent_covered": 0.0, "percent_covered_display": "0", "missing_lines": 19, "excluded_lines": 0, "percent_statements_covered": 0.0, "percent_statements_covered_display": "0"}, "missing_lines": [155, 157, 286, 287, 290, 292, 294, 295, 296, 297, 298, 301, 302, 303, 305, 306, 307, 308, 310], "excluded_lines": []}, "validate_schema": {"executed_lines": [], "summary": {"covered_lines": 0, "num_statements": 18, "percent_covered": 0.0, "percent_covered_display": "0", "missing_lines": 18, "excluded_lines": 0, "percent_statements_covered": 0.0, "percent_statements_covered_display": "0"}, "missing_lines": [322, 324, 326, 327, 329, 332, 333, 334, 335, 336, 338, 339, 340, 342, 343, 344, 345, 347], "excluded_lines": []}, "print_summary": {"executed_lines": [], "summary": {"covered_lines": 0, "num_statements": 27, "percent_covered": 0.0, "percent_covered_display": "0", "missing_lines": 27, "excluded_lines": 0, "percent_statements_covered": 0.0, "percent_statements_covered_display": "0"}, "missing_lines": [358, 359, 360, 362, 363, 364, 365, 367, 368, 369, 370, 372, 373, 374, 375, 376, 378, 379, 380, 382, 383, 384, 386, 387, 388, 389, 391], "excluded_lines": []}, "main": {"executed_lines": [], "summary": {"covered_lines": 0, "num_statements": 19, "percent_covered": 0.0, "percent_covered_display": "0", "missing_lines": 19, "excluded_lines": 0, "percent_statements_covered": 0.0, "percent_statements_covered_display": "0"}, "missing_lines": [396, 412, 413, 415, 417, 418, 419, 422, 423, 426, 427, 428, 430, 433, 436, 437, 440, 441, 444], "excluded_lines": []}, "": {"executed_lines": [], "summary": {"covered_lines": 0, "num_statements": 30, "percent_covered": 0.0, "percent_covered_display": "0", "missing_lines": 30, "excluded_lines": 0, "percent_statements_covered": 0.0, "percent_statements_covered_display": "0"}, "missing_lines": [20, 21, 22, 23, 24, 25, 26, 29, 35, 36, 39, 56, 59, 60, 61, 62, 63, 64, 67, 78, 87, 96, 105, 118, 144, 313, 350, 394, 447, 448], "excluded_lines": []}}, "classes": {"Colors": {"executed_lines": [], "summary": {"covered_lines": 0, "num_statements": 0, "percent_covered": 100.0, "percent_covered_display": "100", "missing_lines": 0, "excluded_lines": 0, "percent_statements_covered": 100.0, "percent_statements_covered_display": "100"}, "missing_lines": [], "excluded_lines": []}, "": {"executed_lines": [], "summary": {"covered_lines": 0, "num_statements": 137, "percent_covered": 0.0, "percent_covered_display": "0", "missing_lines": 137, "excluded_lines": 0, "percent_statements_covered": 0.0, "percent_statements_covered_display": "0"}, "missing_lines": [20, 21, 22, 23, 24, 25, 26, 29, 35, 36, 39, 46, 47, 49, 50, 52, 56, 59, 60, 61, 62, 63, 64, 67, 74, 75, 78, 84, 87, 93, 96, 102, 105, 114, 115, 118, 128, 129, 131, 133, 134, 135, 136, 137, 138, 139, 140, 141, 144, 155, 157, 286, 287, 290, 292, 294, 295, 296, 297, 298, 301, 302, 303, 305, 306, 307, 308, 310, 313, 322, 324, 326, 327, 329, 332, 333, 334, 335, 336, 338, 339, 340, 342, 343, 344, 345, 347, 350, 358, 359, 360, 362, 363, 364, 365, 367, 368, 369, 370, 372, 373, 374, 375, 376, 378, 379, 380, 382, 383, 384, 386, 387, 388, 389, 391, 394, 396, 412, 413, 415, 417, 418, 419, 422, 423, 426, 427, 428, 430, 433, 436, 437, 440, 441, 444, 447, 448], "excluded_lines": []}}}, ".claude/skills/agentdb-state-manager/scripts/query_state.py": {"executed_lines": [], "summary": {"covered_lines": 0, "num_statements": 15, "percent_covered": 0.0, "percent_covered_display": "0", "missing_lines": 15, "excluded_lines": 0, "percent_statements_covered": 0.0, "percent_statements_covered_display": "0"}, "missing_lines": [8, 11, 12, 13, 14, 15, 16, 19, 26, 28, 41, 42, 43, 46, 47], "excluded_lines": [], "functions": {"main": {"executed_lines": [], "summary": {"covered_lines": 0, "num_statements": 11, "percent_covered": 0.0, "percent_covered_display": "0", "missing_lines": 11, "excluded_lines": 0, "percent_statements_covered": 0.0, "percent_statements_covered_display": "0"}, "missing_lines": [12, 13, 14, 15, 16, 19, 26, 28, 41, 42, 43], "excluded_lines": []}, "": {"executed_lines": [], "summary": {"covered_lines": 0, "num_statements": 4, "percent_covered": 0.0, "percent_covered_display": "0", "missing_lines": 4, "excluded_lines": 0, "percent_statements_covered": 0.0, "percent_statements_covered_display": "0"}, "missing_lines": [8, 11, 46, 47], "excluded_lines": []}}, "classes": {"": {"executed_lines": [], "summary": {"covered_lines": 0, "num_statements": 15, "percent_covered": 0.0, "percent_covered_display": "0", "missing_lines": 15, "excluded_lines": 0, "percent_statements_covered": 0.0, "percent_statements_covered_display": "0"}, "missing_lines": [8, 11, 12, 13, 14, 15, 16, 19, 26, 28, 41, 42, 43, 46, 47], "excluded_lines": []}}}, ".claude/skills/agentdb-state-manager/scripts/query_workflow_state.py": {"executed_lines": [], "summary": {"covered_lines": 0, "num_statements": 128, "percent_covered": 0.0, "percent_covered_display": "0", "missing_lines": 128, "excluded_lines": 0, "percent_statements_covered": 0.0, "percent_statements_covered_display": "0"}, "missing_lines": [17, 18, 19, 20, 23, 34, 40, 42, 45, 48, 49, 50, 51, 52, 55, 61, 64, 65, 66, 69, 70, 71, 73, 76, 89, 104, 105, 107, 108, 109, 111, 112, 113, 126, 128, 129, 130, 131, 134, 145, 146, 148, 150, 166, 167, 169, 170, 171, 173, 174, 184, 186, 188, 189, 190, 191, 192, 193, 194, 195, 198, 208, 209, 212, 214, 215, 224, 226, 227, 237, 238, 240, 251, 260, 261, 263, 265, 266, 267, 268, 269, 272, 273, 275, 277, 278, 279, 282, 291, 293, 294, 295, 296, 298, 299, 301, 303, 305, 306, 308, 309, 311, 312, 314, 316, 319, 321, 337, 338, 339, 340, 342, 345, 346, 347, 348, 349, 351, 352, 353, 355, 356, 359, 362, 363, 365, 368, 369], "excluded_lines": [], "functions": {"get_worktree_path": {"executed_lines": [], "summary": {"covered_lines": 0, "num_statements": 8, "percent_covered": 0.0, "percent_covered_display": "0", "missing_lines": 8, "excluded_lines": 0, "percent_statements_covered": 0.0, "percent_statements_covered_display": "0"}, "missing_lines": [40, 42, 45, 48, 49, 50, 51, 52], "excluded_lines": []}, "get_database_path": {"executed_lines": [], "summary": {"covered_lines": 0, "num_statements": 8, "percent_covered": 0.0, "percent_covered_display": "0", "missing_lines": 8, "excluded_lines": 0, "percent_statements_covered": 0.0, "percent_statements_covered_display": "0"}, "missing_lines": [61, 64, 65, 66, 69, 70, 71, 73], "excluded_lines": []}, "query_all_sessions": {"executed_lines": [], "summary": {"covered_lines": 0, "num_statements": 14, "percent_covered": 0.0, "percent_covered_display": "0", "missing_lines": 14, "excluded_lines": 0, "percent_statements_covered": 0.0, "percent_statements_covered_display": "0"}, "missing_lines": [89, 104, 105, 107, 108, 109, 111, 112, 113, 126, 128, 129, 130, 131], "excluded_lines": []}, "query_latest_sync": {"executed_lines": [], "summary": {"covered_lines": 0, "num_statements": 21, "percent_covered": 0.0, "percent_covered_display": "0", "missing_lines": 21, "excluded_lines": 0, "percent_statements_covered": 0.0, "percent_statements_covered_display": "0"}, "missing_lines": [145, 146, 148, 150, 166, 167, 169, 170, 171, 173, 174, 184, 186, 188, 189, 190, 191, 192, 193, 194, 195], "excluded_lines": []}, "get_workflow_state": {"executed_lines": [], "summary": {"covered_lines": 0, "num_statements": 11, "percent_covered": 0.0, "percent_covered_display": "0", "missing_lines": 11, "excluded_lines": 0, "percent_statements_covered": 0.0, "percent_statements_covered_display": "0"}, "missing_lines": [208, 209, 212, 214, 215, 224, 226, 227, 237, 238, 240], "excluded_lines": []}, "format_all_sessions": {"executed_lines": [], "summary": {"covered_lines": 0, "num_statements": 14, "percent_covered": 0.0, "percent_covered_display": "0", "missing_lines": 14, "excluded_lines": 0, "percent_statements_covered": 0.0, "percent_statements_covered_display": "0"}, "missing_lines": [260, 261, 263, 265, 266, 267, 268, 269, 272, 273, 275, 277, 278, 279], "excluded_lines": []}, "format_text": {"executed_lines": [], "summary": {"covered_lines": 0, "num_statements": 17, "percent_covered": 0.0, "percent_covered_display": "0", "missing_lines": 17, "excluded_lines": 0, "percent_statements_covered": 0.0, "percent_statements_covered_display": "0"}, "missing_lines": [291, 293, 294, 295, 296, 298, 299, 301, 303, 305, 306, 308, 309, 311, 312, 314, 316], "excluded_lines": []}, "main": {"executed_lines": [], "summary": {"covered_lines": 0, "num_statements": 20, "percent_covered": 0.0, "percent_covered_display": "0", "missing_lines": 20, "excluded_lines": 0, "percent_statements_covered": 0.0, "percent_statements_covered_display": "0"}, "missing_lines": [321, 337, 338, 339, 340, 342, 345, 346, 347, 348, 349, 351, 352, 353, 355, 356, 359, 362, 363, 365], "excluded_lines": []}, "": {"executed_lines": [], "summary": {"covered_lines": 0, "num_statements": 15, "percent_covered": 0.0, "percent_covered_display": "0", "missing_lines": 15, "excluded_lines": 0, "percent_statements_covered": 0.0, "percent_statements_covered_display": "0"}, "missing_lines": [17, 18, 19, 20, 23, 34, 55, 76, 134, 198, 251, 282, 319, 368, 369], "excluded_lines": []}}, "classes": {"": {"executed_lines": [], "summary": {"covered_lines": 0, "num_statements": 128, "percent_covered": 0.0, "percent_covered_display": "0", "missing_lines": 128, "excluded_lines": 0, "percent_statements_covered": 0.0, "percent_statements_covered_display": "0"}, "missing_lines": [17, 18, 19, 20, 23, 34, 40, 42, 45, 48, 49, 50, 51, 52, 55, 61, 64, 65, 66, 69, 70, 71, 73, 76, 89, 104, 105, 107, 108, 109, 111, 112, 113, 126, 128, 129, 130, 131, 134, 145, 146, 148, 150, 166, 167, 169, 170, 171, 173, 174, 184, 186, 188, 189, 190, 191, 192, 193, 194, 195, 198, 208, 209, 212, 214, 215, 224, 226, 227, 237, 238, 240, 251, 260, 261, 263, 265, 266, 267, 268, 269, 272, 273, 275, 277, 278, 279, 282, 291, 293, 294, 295, 296, 298, 299, 301, 303, 305, 306, 308, 309, 311, 312, 314, 316, 319, 321, 337, 338, 339, 340, 342, 345, 346, 347, 348, 349, 351, 352, 353, 355, 356, 359, 362, 363, 365, 368, 369], "excluded_lines": []}}}, ".claude/skills/agentdb-state-manager/scripts/record_sync.py": {"executed_lines": [], "summary": {"covered_lines": 0, "num_statements": 92, "percent_covered": 0.0, "percent_covered_display": "0", "missing_lines": 92, "excluded_lines": 0, "percent_statements_covered": 0.0, "percent_statements_covered_display": "0"}, "missing_lines": [17, 18, 19, 20, 21, 22, 23, 26, 29, 42, 48, 50, 53, 56, 57, 58, 59, 60, 63, 70, 73, 74, 75, 78, 79, 80, 83, 84, 87, 93, 94, 97, 98, 100, 101, 104, 123, 124, 126, 128, 131, 134, 135, 138, 141, 144, 145, 148, 151, 173, 174, 176, 177, 178, 179, 181, 182, 183, 185, 188, 190, 207, 208, 209, 210, 211, 212, 214, 217, 218, 219, 220, 221, 222, 223, 225, 226, 228, 229, 230, 231, 232, 233, 234, 236, 237, 238, 239, 240, 241, 244, 245], "excluded_lines": [], "functions": {"get_worktree_path": {"executed_lines": [], "summary": {"covered_lines": 0, "num_statements": 8, "percent_covered": 0.0, "percent_covered_display": "0", "missing_lines": 8, "excluded_lines": 0, "percent_statements_covered": 0.0, "percent_statements_covered_display": "0"}, "missing_lines": [48, 50, 53, 56, 57, 58, 59, 60], "excluded_lines": []}, "get_database_path": {"executed_lines": [], "summary": {"covered_lines": 0, "num_statements": 9, "percent_covered": 0.0, "percent_covered_display": "0", "missing_lines": 9, "excluded_lines": 0, "percent_statements_covered": 0.0, "percent_statements_covered_display": "0"}, "missing_lines": [70, 73, 74, 75, 78, 79, 80, 83, 84], "excluded_lines": []}, "init_database_if_needed": {"executed_lines": [], "summary": {"covered_lines": 0, "num_statements": 6, "percent_covered": 0.0, "percent_covered_display": "0", "missing_lines": 6, "excluded_lines": 0, "percent_statements_covered": 0.0, "percent_statements_covered_display": "0"}, "missing_lines": [93, 94, 97, 98, 100, 101], "excluded_lines": []}, "record_sync": {"executed_lines": [], "summary": {"covered_lines": 0, "num_statements": 23, "percent_covered": 0.0, "percent_covered_display": "0", "missing_lines": 23, "excluded_lines": 0, "percent_statements_covered": 0.0, "percent_statements_covered_display": "0"}, "missing_lines": [123, 124, 126, 128, 131, 134, 135, 138, 141, 144, 145, 148, 151, 173, 174, 176, 177, 178, 179, 181, 182, 183, 185], "excluded_lines": []}, "main": {"executed_lines": [], "summary": {"covered_lines": 0, "num_statements": 30, "percent_covered": 0.0, "percent_covered_display": "0", "missing_lines": 30, "excluded_lines": 0, "percent_statements_covered": 0.0, "percent_statements_covered_display": "0"}, "missing_lines": [190, 207, 208, 209, 210, 211, 212, 214, 217, 218, 219, 220, 221, 222, 223, 225, 226, 228, 229, 230, 231, 232, 233, 234, 236, 237, 238, 239, 240, 241], "excluded_lines": []}, "": {"executed_lines": [], "summary": {"covered_lines": 0, "num_statements": 16, "percent_covered": 0.0, "percent_covered_display": "0", "missing_lines": 16, "excluded_lines": 0, "percent_statements_covered": 0.0, "percent_statements_covered_display": "0"}, "missing_lines": [17, 18, 19, 20, 21, 22, 23, 26, 29, 42, 63, 87, 104, 188, 244, 245], "excluded_lines": []}}, "classes": {"": {"executed_lines": [], "summary": {"covered_lines": 0, "num_statements": 92, "percent_covered": 0.0, "percent_covered_display": "0", "missing_lines": 92, "excluded_lines": 0, "percent_statements_covered": 0.0, "percent_statements_covered_display": "0"}, "missing_lines": [17, 18, 19, 20, 21, 22, 23, 26, 29, 42, 48, 50, 53, 56, 57, 58, 59, 60, 63, 70, 73, 74, 75, 78, 79, 80, 83, 84, 87, 93, 94, 97, 98, 100, 101, 104, 123, 124, 126, 128, 131, 134, 135, 138, 141, 144, 145, 148, 151, 173, 174, 176, 177, 178, 179, 181, 182, 183, 185, 188, 190, 207, 208, 209, 210, 211, 212, 214, 217, 218, 219, 220, 221, 222, 223, 225, 226, 228, 229, 230, 231, 232, 233, 234, 236, 237, 238, 239, 240, 241, 244, 245], "excluded_lines": []}}}, ".claude/skills/agentdb-state-manager/scripts/sync_engine.py": {"executed_lines": [], "summary": {"covered_lines": 0, "num_statements": 123, "percent_covered": 0.0, "percent_covered_display": "0", "missing_lines": 123, "excluded_lines": 0, "percent_statements_covered": 0.0, "percent_statements_covered_display": "0"}, "missing_lines": [21, 22, 23, 24, 25, 26, 27, 28, 29, 31, 32, 33, 34, 37, 42, 45, 52, 53, 55, 56, 57, 60, 84, 98, 100, 101, 102, 103, 104, 109, 111, 142, 145, 148, 149, 151, 166, 167, 169, 170, 171, 172, 174, 176, 202, 205, 207, 208, 209, 211, 212, 213, 216, 219, 221, 223, 248, 249, 251, 252, 253, 255, 258, 259, 260, 261, 262, 264, 266, 288, 305, 308, 309, 312, 313, 315, 316, 317, 318, 319, 320, 321, 323, 325, 326, 328, 330, 348, 350, 365, 367, 394, 411, 415, 416, 419, 447, 464, 470, 472, 500, 503, 505, 507, 509, 512, 514, 515, 516, 519, 520, 521, 522, 523, 525, 527, 529, 531, 532, 534, 536, 538, 540], "excluded_lines": [], "functions": {"_get_worktree_defaults": {"executed_lines": [], "summary": {"covered_lines": 0, "num_statements": 5, "percent_covered": 0.0, "percent_covered_display": "0", "missing_lines": 5, "excluded_lines": 0, "percent_statements_covered": 0.0, "percent_statements_covered_display": "0"}, "missing_lines": [52, 53, 55, 56, 57], "excluded_lines": []}, "SynchronizationEngine.__init__": {"executed_lines": [], "summary": {"covered_lines": 0, "num_statements": 7, "percent_covered": 0.0, "percent_covered_display": "0", "missing_lines": 7, "excluded_lines": 0, "percent_statements_covered": 0.0, "percent_statements_covered_display": "0"}, "missing_lines": [98, 100, 101, 102, 103, 104, 109], "excluded_lines": []}, "SynchronizationEngine._compute_provenance_hash": {"executed_lines": [], "summary": {"covered_lines": 0, "num_statements": 4, "percent_covered": 0.0, "percent_covered_display": "0", "missing_lines": 4, "excluded_lines": 0, "percent_statements_covered": 0.0, "percent_statements_covered_display": "0"}, "missing_lines": [142, 145, 148, 149], "excluded_lines": []}, "SynchronizationEngine._get_nested_value": {"executed_lines": [], "summary": {"covered_lines": 0, "num_statements": 7, "percent_covered": 0.0, "percent_covered_display": "0", "missing_lines": 7, "excluded_lines": 0, "percent_statements_covered": 0.0, "percent_statements_covered_display": "0"}, "missing_lines": [166, 167, 169, 170, 171, 172, 174], "excluded_lines": []}, "SynchronizationEngine._resolve_params": {"executed_lines": [], "summary": {"covered_lines": 0, "num_statements": 5, "percent_covered": 0.0, "percent_covered_display": "0", "missing_lines": 5, "excluded_lines": 0, "percent_statements_covered": 0.0, "percent_statements_covered_display": "0"}, "missing_lines": [202, 205, 207, 219, 221], "excluded_lines": []}, "SynchronizationEngine._resolve_params.replacer": {"executed_lines": [], "summary": {"covered_lines": 0, "num_statements": 6, "percent_covered": 0.0, "percent_covered_display": "0", "missing_lines": 6, "excluded_lines": 0, "percent_statements_covered": 0.0, "percent_statements_covered_display": "0"}, "missing_lines": [208, 209, 211, 212, 213, 216], "excluded_lines": []}, "SynchronizationEngine._pattern_matches": {"executed_lines": [], "summary": {"covered_lines": 0, "num_statements": 12, "percent_covered": 0.0, "percent_covered_display": "0", "missing_lines": 12, "excluded_lines": 0, "percent_statements_covered": 0.0, "percent_statements_covered_display": "0"}, "missing_lines": [248, 249, 251, 252, 253, 255, 258, 259, 260, 261, 262, 264], "excluded_lines": []}, "SynchronizationEngine._find_matching_syncs": {"executed_lines": [], "summary": {"covered_lines": 0, "num_statements": 17, "percent_covered": 0.0, "percent_covered_display": "0", "missing_lines": 17, "excluded_lines": 0, "percent_statements_covered": 0.0, "percent_statements_covered_display": "0"}, "missing_lines": [288, 305, 308, 309, 312, 313, 315, 316, 317, 318, 319, 320, 321, 323, 325, 326, 328], "excluded_lines": []}, "SynchronizationEngine._detect_phi": {"executed_lines": [], "summary": {"covered_lines": 0, "num_statements": 1, "percent_covered": 0.0, "percent_covered_display": "0", "missing_lines": 1, "excluded_lines": 0, "percent_statements_covered": 0.0, "percent_statements_covered_display": "0"}, "missing_lines": [348], "excluded_lines": []}, "SynchronizationEngine._log_audit_trail": {"executed_lines": [], "summary": {"covered_lines": 0, "num_statements": 2, "percent_covered": 0.0, "percent_covered_display": "0", "missing_lines": 2, "excluded_lines": 0, "percent_statements_covered": 0.0, "percent_statements_covered_display": "0"}, "missing_lines": [365, 367], "excluded_lines": []}, "SynchronizationEngine._execute_sync": {"executed_lines": [], "summary": {"covered_lines": 0, "num_statements": 7, "percent_covered": 0.0, "percent_covered_display": "0", "missing_lines": 7, "excluded_lines": 0, "percent_statements_covered": 0.0, "percent_statements_covered_display": "0"}, "missing_lines": [411, 415, 416, 419, 447, 464, 470], "excluded_lines": []}, "SynchronizationEngine.on_agent_action_complete": {"executed_lines": [], "summary": {"covered_lines": 0, "num_statements": 16, "percent_covered": 0.0, "percent_covered_display": "0", "missing_lines": 16, "excluded_lines": 0, "percent_statements_covered": 0.0, "percent_statements_covered_display": "0"}, "missing_lines": [500, 503, 505, 507, 509, 512, 514, 515, 516, 519, 520, 521, 522, 523, 525, 527], "excluded_lines": []}, "SynchronizationEngine.close": {"executed_lines": [], "summary": {"covered_lines": 0, "num_statements": 2, "percent_covered": 0.0, "percent_covered_display": "0", "missing_lines": 2, "excluded_lines": 0, "percent_statements_covered": 0.0, "percent_statements_covered_display": "0"}, "missing_lines": [531, 532], "excluded_lines": []}, "SynchronizationEngine.__enter__": {"executed_lines": [], "summary": {"covered_lines": 0, "num_statements": 1, "percent_covered": 0.0, "percent_covered_display": "0", "missing_lines": 1, "excluded_lines": 0, "percent_statements_covered": 0.0, "percent_statements_covered_display": "0"}, "missing_lines": [536], "excluded_lines": []}, "SynchronizationEngine.__exit__": {"executed_lines": [], "summary": {"covered_lines": 0, "num_statements": 1, "percent_covered": 0.0, "percent_covered_display": "0", "missing_lines": 1, "excluded_lines": 0, "percent_statements_covered": 0.0, "percent_statements_covered_display": "0"}, "missing_lines": [540], "excluded_lines": []}, "": {"executed_lines": [], "summary": {"covered_lines": 0, "num_statements": 30, "percent_covered": 0.0, "percent_covered_display": "0", "missing_lines": 30, "excluded_lines": 0, "percent_statements_covered": 0.0, "percent_statements_covered_display": "0"}, "missing_lines": [21, 22, 23, 24, 25, 26, 27, 28, 29, 31, 32, 33, 34, 37, 42, 45, 60, 84, 111, 151, 176, 223, 266, 330, 350, 394, 472, 529, 534, 538], "excluded_lines": []}}, "classes": {"SynchronizationEngine": {"executed_lines": [], "summary": {"covered_lines": 0, "num_statements": 88, "percent_covered": 0.0, "percent_covered_display": "0", "missing_lines": 88, "excluded_lines": 0, "percent_statements_covered": 0.0, "percent_statements_covered_display": "0"}, "missing_lines": [98, 100, 101, 102, 103, 104, 109, 142, 145, 148, 149, 166, 167, 169, 170, 171, 172, 174, 202, 205, 207, 208, 209, 211, 212, 213, 216, 219, 221, 248, 249, 251, 252, 253, 255, 258, 259, 260, 261, 262, 264, 288, 305, 308, 309, 312, 313, 315, 316, 317, 318, 319, 320, 321, 323, 325, 326, 328, 348, 365, 367, 411, 415, 416, 419, 447, 464, 470, 500, 503, 505, 507, 509, 512, 514, 515, 516, 519, 520, 521, 522, 523, 525, 527, 531, 532, 536, 540], "excluded_lines": []}, "": {"executed_lines": [], "summary": {"covered_lines": 0, "num_statements": 35, "percent_covered": 0.0, "percent_covered_display": "0", "missing_lines": 35, "excluded_lines": 0, "percent_statements_covered": 0.0, "percent_statements_covered_display": "0"}, "missing_lines": [21, 22, 23, 24, 25, 26, 27, 28, 29, 31, 32, 33, 34, 37, 42, 45, 52, 53, 55, 56, 57, 60, 84, 111, 151, 176, 223, 266, 330, 350, 394, 472, 529, 534, 538], "excluded_lines": []}}}, ".claude/skills/agentdb-state-manager/scripts/sync_todo_to_db.py": {"executed_lines": [], "summary": {"covered_lines": 0, "num_statements": 88, "percent_covered": 0.0, "percent_covered_display": "0", "missing_lines": 88, "excluded_lines": 0, "percent_statements_covered": 0.0, "percent_statements_covered_display": "0"}, "missing_lines": [14, 15, 16, 17, 18, 19, 21, 25, 26, 27, 28, 29, 32, 33, 34, 37, 38, 41, 42, 45, 54, 55, 58, 59, 60, 62, 63, 65, 66, 67, 70, 80, 83, 84, 86, 87, 89, 109, 110, 111, 112, 114, 115, 116, 119, 121, 139, 140, 141, 142, 143, 145, 147, 156, 159, 171, 174, 175, 184, 186, 187, 189, 192, 193, 194, 195, 196, 198, 201, 202, 203, 204, 206, 207, 208, 210, 213, 214, 216, 217, 218, 219, 221, 222, 224, 226, 229, 230], "excluded_lines": [], "functions": {"error_exit": {"executed_lines": [], "summary": {"covered_lines": 0, "num_statements": 2, "percent_covered": 0.0, "percent_covered_display": "0", "missing_lines": 2, "excluded_lines": 0, "percent_statements_covered": 0.0, "percent_statements_covered_display": "0"}, "missing_lines": [33, 34], "excluded_lines": []}, "success": {"executed_lines": [], "summary": {"covered_lines": 0, "num_statements": 1, "percent_covered": 0.0, "percent_covered_display": "0", "missing_lines": 1, "excluded_lines": 0, "percent_statements_covered": 0.0, "percent_statements_covered_display": "0"}, "missing_lines": [38], "excluded_lines": []}, "info": {"executed_lines": [], "summary": {"covered_lines": 0, "num_statements": 1, "percent_covered": 0.0, "percent_covered_display": "0", "missing_lines": 1, "excluded_lines": 0, "percent_statements_covered": 0.0, "percent_statements_covered_display": "0"}, "missing_lines": [42], "excluded_lines": []}, "parse_todo_file": {"executed_lines": [], "summary": {"covered_lines": 0, "num_statements": 10, "percent_covered": 0.0, "percent_covered_display": "0", "missing_lines": 10, "excluded_lines": 0, "percent_statements_covered": 0.0, "percent_statements_covered_display": "0"}, "missing_lines": [54, 55, 58, 59, 60, 62, 63, 65, 66, 67], "excluded_lines": []}, "convert_to_records": {"executed_lines": [], "summary": {"covered_lines": 0, "num_statements": 23, "percent_covered": 0.0, "percent_covered_display": "0", "missing_lines": 23, "excluded_lines": 0, "percent_statements_covered": 0.0, "percent_statements_covered_display": "0"}, "missing_lines": [80, 83, 84, 86, 87, 89, 109, 110, 111, 112, 114, 115, 116, 119, 121, 139, 140, 141, 142, 143, 145, 147, 156], "excluded_lines": []}, "sync_to_agentdb": {"executed_lines": [], "summary": {"covered_lines": 0, "num_statements": 7, "percent_covered": 0.0, "percent_covered_display": "0", "missing_lines": 7, "excluded_lines": 0, "percent_statements_covered": 0.0, "percent_statements_covered_display": "0"}, "missing_lines": [171, 174, 175, 184, 186, 187, 189], "excluded_lines": []}, "main": {"executed_lines": [], "summary": {"covered_lines": 0, "num_statements": 23, "percent_covered": 0.0, "percent_covered_display": "0", "missing_lines": 23, "excluded_lines": 0, "percent_statements_covered": 0.0, "percent_statements_covered_display": "0"}, "missing_lines": [193, 194, 195, 196, 198, 201, 202, 203, 204, 206, 207, 208, 210, 213, 214, 216, 217, 218, 219, 221, 222, 224, 226], "excluded_lines": []}, "": {"executed_lines": [], "summary": {"covered_lines": 0, "num_statements": 21, "percent_covered": 0.0, "percent_covered_display": "0", "missing_lines": 21, "excluded_lines": 0, "percent_statements_covered": 0.0, "percent_statements_covered_display": "0"}, "missing_lines": [14, 15, 16, 17, 18, 19, 21, 25, 26, 27, 28, 29, 32, 37, 41, 45, 70, 159, 192, 229, 230], "excluded_lines": []}}, "classes": {"Colors": {"executed_lines": [], "summary": {"covered_lines": 0, "num_statements": 0, "percent_covered": 100.0, "percent_covered_display": "100", "missing_lines": 0, "excluded_lines": 0, "percent_statements_covered": 100.0, "percent_statements_covered_display": "100"}, "missing_lines": [], "excluded_lines": []}, "": {"executed_lines": [], "summary": {"covered_lines": 0, "num_statements": 88, "percent_covered": 0.0, "percent_covered_display": "0", "missing_lines": 88, "excluded_lines": 0, "percent_statements_covered": 0.0, "percent_statements_covered_display": "0"}, "missing_lines": [14, 15, 16, 17, 18, 19, 21, 25, 26, 27, 28, 29, 32, 33, 34, 37, 38, 41, 42, 45, 54, 55, 58, 59, 60, 62, 63, 65, 66, 67, 70, 80, 83, 84, 86, 87, 89, 109, 110, 111, 112, 114, 115, 116, 119, 121, 139, 140, 141, 142, 143, 145, 147, 156, 159, 171, 174, 175, 184, 186, 187, 189, 192, 193, 194, 195, 196, 198, 201, 202, 203, 204, 206, 207, 208, 210, 213, 214, 216, 217, 218, 219, 221, 222, 224, 226, 229, 230], "excluded_lines": []}}}, ".claude/skills/agentdb-state-manager/scripts/test_schema_migration.py": {"executed_lines": [], "summary": {"covered_lines": 0, "num_statements": 376, "percent_covered": 0.0, "percent_covered_display": "0", "missing_lines": 376, "excluded_lines": 0, "percent_statements_covered": 0.0, "percent_statements_covered_display": "0"}, "missing_lines": [27, 28, 29, 30, 31, 32, 34, 35, 36, 37, 38, 41, 42, 43, 44, 57, 61, 64, 65, 66, 67, 68, 69, 72, 75, 76, 77, 78, 79, 81, 83, 84, 85, 86, 88, 90, 91, 92, 93, 94, 96, 98, 99, 100, 101, 103, 104, 105, 106, 108, 110, 113, 115, 118, 120, 122, 123, 124, 125, 127, 128, 129, 130, 131, 134, 137, 138, 139, 140, 142, 143, 145, 146, 147, 150, 154, 155, 156, 168, 169, 170, 173, 176, 177, 178, 179, 181, 182, 184, 185, 186, 189, 192, 193, 196, 197, 199, 200, 211, 212, 214, 215, 216, 218, 219, 220, 221, 223, 224, 235, 236, 237, 238, 239, 242, 246, 247, 248, 250, 251, 262, 263, 264, 265, 266, 269, 270, 272, 273, 284, 285, 286, 296, 297, 298, 299, 300, 303, 304, 306, 308, 309, 320, 321, 322, 323, 324, 327, 331, 332, 333, 334, 348, 351, 352, 353, 354, 355, 358, 359, 360, 361, 378, 381, 382, 383, 384, 387, 388, 389, 390, 393, 395, 396, 398, 412, 413, 414, 417, 420, 421, 422, 431, 432, 434, 435, 436, 438, 439, 440, 450, 451, 453, 454, 455, 458, 461, 462, 463, 472, 473, 475, 476, 477, 479, 480, 481, 489, 490, 492, 493, 494, 497, 523, 524, 526, 527, 529, 530, 531, 534, 535, 536, 537, 539, 545, 549, 559, 562, 564, 565, 567, 569, 570, 573, 576, 577, 578, 579, 581, 582, 583, 586, 593, 594, 596, 597, 608, 609, 620, 622, 623, 624, 627, 628, 630, 631, 633, 635, 636, 639, 642, 643, 645, 646, 657, 658, 670, 671, 672, 673, 674, 676, 677, 680, 684, 685, 686, 687, 689, 690, 691, 692, 693, 694, 695, 696, 699, 701, 702, 703, 704, 710, 711, 713, 714, 715, 718, 720, 721, 722, 723, 729, 730, 732, 733, 734, 737, 738, 740, 741, 755, 756, 757, 768, 769, 770, 780, 781, 782, 784, 785, 788, 789, 790, 791, 807, 808, 809, 812, 814, 815, 816, 817, 819, 820, 823, 824, 825, 828, 829, 830, 832, 833, 835, 837, 839, 842, 844, 845, 846, 847, 848, 849, 850, 851, 852, 853, 854, 855, 856, 857, 859, 862, 863, 865, 866, 867, 870, 873, 874, 875, 877, 878, 881, 882], "excluded_lines": [], "functions": {"TestResult.__init__": {"executed_lines": [], "summary": {"covered_lines": 0, "num_statements": 4, "percent_covered": 0.0, "percent_covered_display": "0", "missing_lines": 4, "excluded_lines": 0, "percent_statements_covered": 0.0, "percent_statements_covered_display": "0"}, "missing_lines": [76, 77, 78, 79], "excluded_lines": []}, "TestResult.add_pass": {"executed_lines": [], "summary": {"covered_lines": 0, "num_statements": 4, "percent_covered": 0.0, "percent_covered_display": "0", "missing_lines": 4, "excluded_lines": 0, "percent_statements_covered": 0.0, "percent_statements_covered_display": "0"}, "missing_lines": [83, 84, 85, 86], "excluded_lines": []}, "TestResult.add_fail": {"executed_lines": [], "summary": {"covered_lines": 0, "num_statements": 5, "percent_covered": 0.0, "percent_covered_display": "0", "missing_lines": 5, "excluded_lines": 0, "percent_statements_covered": 0.0, "percent_statements_covered_display": "0"}, "missing_lines": [90, 91, 92, 93, 94], "excluded_lines": []}, "TestResult.print_summary": {"executed_lines": [], "summary": {"covered_lines": 0, "num_statements": 8, "percent_covered": 0.0, "percent_covered_display": "0", "missing_lines": 8, "excluded_lines": 0, "percent_statements_covered": 0.0, "percent_statements_covered_display": "0"}, "missing_lines": [98, 99, 100, 101, 103, 104, 105, 106], "excluded_lines": []}, "TestResult.is_success": {"executed_lines": [], "summary": {"covered_lines": 0, "num_statements": 1, "percent_covered": 0.0, "percent_covered_display": "0", "missing_lines": 1, "excluded_lines": 0, "percent_statements_covered": 0.0, "percent_statements_covered_display": "0"}, "missing_lines": [110], "excluded_lines": []}, "generate_uuid": {"executed_lines": [], "summary": {"covered_lines": 0, "num_statements": 1, "percent_covered": 0.0, "percent_covered_display": "0", "missing_lines": 1, "excluded_lines": 0, "percent_statements_covered": 0.0, "percent_statements_covered_display": "0"}, "missing_lines": [115], "excluded_lines": []}, "test_schema_creation": {"executed_lines": [], "summary": {"covered_lines": 0, "num_statements": 10, "percent_covered": 0.0, "percent_covered_display": "0", "missing_lines": 10, "excluded_lines": 0, "percent_statements_covered": 0.0, "percent_statements_covered_display": "0"}, "missing_lines": [120, 122, 123, 124, 125, 127, 128, 129, 130, 131], "excluded_lines": []}, "test_tables_exist": {"executed_lines": [], "summary": {"covered_lines": 0, "num_statements": 9, "percent_covered": 0.0, "percent_covered_display": "0", "missing_lines": 9, "excluded_lines": 0, "percent_statements_covered": 0.0, "percent_statements_covered_display": "0"}, "missing_lines": [137, 138, 139, 140, 142, 143, 145, 146, 147], "excluded_lines": []}, "test_indexes_exist": {"executed_lines": [], "summary": {"covered_lines": 0, "num_statements": 6, "percent_covered": 0.0, "percent_covered_display": "0", "missing_lines": 6, "excluded_lines": 0, "percent_statements_covered": 0.0, "percent_statements_covered_display": "0"}, "missing_lines": [154, 155, 156, 168, 169, 170], "excluded_lines": []}, "test_views_exist": {"executed_lines": [], "summary": {"covered_lines": 0, "num_statements": 9, "percent_covered": 0.0, "percent_covered_display": "0", "missing_lines": 9, "excluded_lines": 0, "percent_statements_covered": 0.0, "percent_statements_covered_display": "0"}, "missing_lines": [176, 177, 178, 179, 181, 182, 184, 185, 186], "excluded_lines": []}, "test_foreign_keys": {"executed_lines": [], "summary": {"covered_lines": 0, "num_statements": 22, "percent_covered": 0.0, "percent_covered_display": "0", "missing_lines": 22, "excluded_lines": 0, "percent_statements_covered": 0.0, "percent_statements_covered_display": "0"}, "missing_lines": [192, 193, 196, 197, 199, 200, 211, 212, 214, 215, 216, 218, 219, 220, 221, 223, 224, 235, 236, 237, 238, 239], "excluded_lines": []}, "test_check_constraints": {"executed_lines": [], "summary": {"covered_lines": 0, "num_statements": 32, "percent_covered": 0.0, "percent_covered_display": "0", "missing_lines": 32, "excluded_lines": 0, "percent_statements_covered": 0.0, "percent_statements_covered_display": "0"}, "missing_lines": [246, 247, 248, 250, 251, 262, 263, 264, 265, 266, 269, 270, 272, 273, 284, 285, 286, 296, 297, 298, 299, 300, 303, 304, 306, 308, 309, 320, 321, 322, 323, 324], "excluded_lines": []}, "test_sample_inserts": {"executed_lines": [], "summary": {"covered_lines": 0, "num_statements": 30, "percent_covered": 0.0, "percent_covered_display": "0", "missing_lines": 30, "excluded_lines": 0, "percent_statements_covered": 0.0, "percent_statements_covered_display": "0"}, "missing_lines": [331, 332, 333, 334, 348, 351, 352, 353, 354, 355, 358, 359, 360, 361, 378, 381, 382, 383, 384, 387, 388, 389, 390, 393, 395, 396, 398, 412, 413, 414], "excluded_lines": []}, "test_join_queries": {"executed_lines": [], "summary": {"covered_lines": 0, "num_statements": 16, "percent_covered": 0.0, "percent_covered_display": "0", "missing_lines": 16, "excluded_lines": 0, "percent_statements_covered": 0.0, "percent_statements_covered_display": "0"}, "missing_lines": [420, 421, 422, 431, 432, 434, 435, 436, 438, 439, 440, 450, 451, 453, 454, 455], "excluded_lines": []}, "test_json_fields": {"executed_lines": [], "summary": {"covered_lines": 0, "num_statements": 16, "percent_covered": 0.0, "percent_covered_display": "0", "missing_lines": 16, "excluded_lines": 0, "percent_statements_covered": 0.0, "percent_statements_covered_display": "0"}, "missing_lines": [461, 462, 463, 472, 473, 475, 476, 477, 479, 480, 481, 489, 490, 492, 493, 494], "excluded_lines": []}, "test_append_only_audit_trail": {"executed_lines": [], "summary": {"covered_lines": 0, "num_statements": 21, "percent_covered": 0.0, "percent_covered_display": "0", "missing_lines": 21, "excluded_lines": 0, "percent_statements_covered": 0.0, "percent_statements_covered_display": "0"}, "missing_lines": [523, 524, 526, 527, 529, 530, 531, 534, 535, 536, 537, 539, 545, 549, 559, 562, 564, 565, 567, 569, 570], "excluded_lines": []}, "test_views_queryable": {"executed_lines": [], "summary": {"covered_lines": 0, "num_statements": 7, "percent_covered": 0.0, "percent_covered_display": "0", "missing_lines": 7, "excluded_lines": 0, "percent_statements_covered": 0.0, "percent_statements_covered_display": "0"}, "missing_lines": [576, 577, 578, 579, 581, 582, 583], "excluded_lines": []}, "test_cascade_delete": {"executed_lines": [], "summary": {"covered_lines": 0, "num_statements": 17, "percent_covered": 0.0, "percent_covered_display": "0", "missing_lines": 17, "excluded_lines": 0, "percent_statements_covered": 0.0, "percent_statements_covered_display": "0"}, "missing_lines": [593, 594, 596, 597, 608, 609, 620, 622, 623, 624, 627, 628, 630, 631, 633, 635, 636], "excluded_lines": []}, "test_restrict_delete": {"executed_lines": [], "summary": {"covered_lines": 0, "num_statements": 13, "percent_covered": 0.0, "percent_covered_display": "0", "missing_lines": 13, "excluded_lines": 0, "percent_statements_covered": 0.0, "percent_statements_covered_display": "0"}, "missing_lines": [642, 643, 645, 646, 657, 658, 670, 671, 672, 673, 674, 676, 677], "excluded_lines": []}, "test_phase2_migration": {"executed_lines": [], "summary": {"covered_lines": 0, "num_statements": 54, "percent_covered": 0.0, "percent_covered_display": "0", "missing_lines": 54, "excluded_lines": 0, "percent_statements_covered": 0.0, "percent_statements_covered_display": "0"}, "missing_lines": [684, 685, 686, 687, 689, 690, 691, 692, 693, 694, 695, 696, 699, 701, 702, 703, 704, 710, 711, 713, 714, 715, 718, 720, 721, 722, 723, 729, 730, 732, 733, 734, 737, 738, 740, 741, 755, 756, 757, 768, 769, 770, 780, 781, 782, 784, 785, 788, 789, 790, 791, 807, 808, 809], "excluded_lines": []}, "main": {"executed_lines": [], "summary": {"covered_lines": 0, "num_statements": 44, "percent_covered": 0.0, "percent_covered_display": "0", "missing_lines": 44, "excluded_lines": 0, "percent_statements_covered": 0.0, "percent_statements_covered_display": "0"}, "missing_lines": [814, 815, 816, 817, 819, 820, 823, 824, 825, 828, 829, 830, 832, 833, 835, 837, 839, 842, 844, 845, 846, 847, 848, 849, 850, 851, 852, 853, 854, 855, 856, 857, 859, 862, 863, 865, 866, 867, 870, 873, 874, 875, 877, 878], "excluded_lines": []}, "": {"executed_lines": [], "summary": {"covered_lines": 0, "num_statements": 47, "percent_covered": 0.0, "percent_covered_display": "0", "missing_lines": 47, "excluded_lines": 0, "percent_statements_covered": 0.0, "percent_statements_covered_display": "0"}, "missing_lines": [27, 28, 29, 30, 31, 32, 34, 35, 36, 37, 38, 41, 42, 43, 44, 57, 61, 64, 65, 66, 67, 68, 69, 72, 75, 81, 88, 96, 108, 113, 118, 134, 150, 173, 189, 242, 327, 417, 458, 497, 573, 586, 639, 680, 812, 881, 882], "excluded_lines": []}}, "classes": {"Colors": {"executed_lines": [], "summary": {"covered_lines": 0, "num_statements": 0, "percent_covered": 100.0, "percent_covered_display": "100", "missing_lines": 0, "excluded_lines": 0, "percent_statements_covered": 100.0, "percent_statements_covered_display": "100"}, "missing_lines": [], "excluded_lines": []}, "TestResult": {"executed_lines": [], "summary": {"covered_lines": 0, "num_statements": 22, "percent_covered": 0.0, "percent_covered_display": "0", "missing_lines": 22, "excluded_lines": 0, "percent_statements_covered": 0.0, "percent_statements_covered_display": "0"}, "missing_lines": [76, 77, 78, 79, 83, 84, 85, 86, 90, 91, 92, 93, 94, 98, 99, 100, 101, 103, 104, 105, 106, 110], "excluded_lines": []}, "": {"executed_lines": [], "summary": {"covered_lines": 0, "num_statements": 354, "percent_covered": 0.0, "percent_covered_display": "0", "missing_lines": 354, "excluded_lines": 0, "percent_statements_covered": 0.0, "percent_statements_covered_display": "0"}, "missing_lines": [27, 28, 29, 30, 31, 32, 34, 35, 36, 37, 38, 41, 42, 43, 44, 57, 61, 64, 65, 66, 67, 68, 69, 72, 75, 81, 88, 96, 108, 113, 115, 118, 120, 122, 123, 124, 125, 127, 128, 129, 130, 131, 134, 137, 138, 139, 140, 142, 143, 145, 146, 147, 150, 154, 155, 156, 168, 169, 170, 173, 176, 177, 178, 179, 181, 182, 184, 185, 186, 189, 192, 193, 196, 197, 199, 200, 211, 212, 214, 215, 216, 218, 219, 220, 221, 223, 224, 235, 236, 237, 238, 239, 242, 246, 247, 248, 250, 251, 262, 263, 264, 265, 266, 269, 270, 272, 273, 284, 285, 286, 296, 297, 298, 299, 300, 303, 304, 306, 308, 309, 320, 321, 322, 323, 324, 327, 331, 332, 333, 334, 348, 351, 352, 353, 354, 355, 358, 359, 360, 361, 378, 381, 382, 383, 384, 387, 388, 389, 390, 393, 395, 396, 398, 412, 413, 414, 417, 420, 421, 422, 431, 432, 434, 435, 436, 438, 439, 440, 450, 451, 453, 454, 455, 458, 461, 462, 463, 472, 473, 475, 476, 477, 479, 480, 481, 489, 490, 492, 493, 494, 497, 523, 524, 526, 527, 529, 530, 531, 534, 535, 536, 537, 539, 545, 549, 559, 562, 564, 565, 567, 569, 570, 573, 576, 577, 578, 579, 581, 582, 583, 586, 593, 594, 596, 597, 608, 609, 620, 622, 623, 624, 627, 628, 630, 631, 633, 635, 636, 639, 642, 643, 645, 646, 657, 658, 670, 671, 672, 673, 674, 676, 677, 680, 684, 685, 686, 687, 689, 690, 691, 692, 693, 694, 695, 696, 699, 701, 702, 703, 704, 710, 711, 713, 714, 715, 718, 720, 721, 722, 723, 729, 730, 732, 733, 734, 737, 738, 740, 741, 755, 756, 757, 768, 769, 770, 780, 781, 782, 784, 785, 788, 789, 790, 791, 807, 808, 809, 812, 814, 815, 816, 817, 819, 820, 823, 824, 825, 828, 829, 830, 832, 833, 835, 837, 839, 842, 844, 845, 846, 847, 848, 849, 850, 851, 852, 853, 854, 855, 856, 857, 859, 862, 863, 865, 866, 867, 870, 873, 874, 875, 877, 878, 881, 882], "excluded_lines": []}}}, ".claude/skills/agentdb-state-manager/scripts/worktree_agent_integration.py": {"executed_lines": [], "summary": {"covered_lines": 0, "num_statements": 154, "percent_covered": 0.0, "percent_covered_display": "0", "missing_lines": 154, "excluded_lines": 0, "percent_statements_covered": 0.0, "percent_statements_covered_display": "0"}, "missing_lines": [29, 30, 31, 32, 33, 34, 35, 36, 37, 39, 42, 45, 46, 47, 48, 51, 71, 72, 83, 86, 90, 91, 92, 95, 96, 97, 98, 101, 102, 103, 104, 105, 106, 108, 109, 110, 113, 115, 116, 131, 132, 133, 134, 137, 159, 180, 183, 185, 186, 206, 207, 208, 211, 212, 213, 214, 215, 218, 219, 220, 221, 222, 225, 226, 227, 228, 229, 230, 232, 234, 235, 259, 260, 263, 264, 265, 268, 269, 270, 271, 274, 275, 276, 279, 292, 298, 300, 325, 328, 331, 334, 335, 336, 337, 338, 341, 342, 343, 348, 350, 353, 354, 356, 358, 359, 360, 363, 377, 379, 380, 409, 411, 412, 413, 416, 417, 420, 421, 422, 425, 428, 429, 430, 432, 435, 436, 439, 442, 444, 445, 447, 448, 449, 452, 507, 508, 511, 512, 513, 515, 517, 520, 521, 524, 525, 526, 529, 533, 537, 538, 540, 542, 543, 545], "excluded_lines": [], "functions": {"FlowTokenManager.get_flow_token": {"executed_lines": [], "summary": {"covered_lines": 0, "num_statements": 19, "percent_covered": 0.0, "percent_covered_display": "0", "missing_lines": 19, "excluded_lines": 0, "percent_statements_covered": 0.0, "percent_statements_covered_display": "0"}, "missing_lines": [83, 86, 90, 91, 92, 95, 96, 97, 98, 101, 102, 103, 104, 105, 106, 108, 109, 110, 113], "excluded_lines": []}, "FlowTokenManager.extract_issue_number": {"executed_lines": [], "summary": {"covered_lines": 0, "num_statements": 4, "percent_covered": 0.0, "percent_covered_display": "0", "missing_lines": 4, "excluded_lines": 0, "percent_statements_covered": 0.0, "percent_statements_covered_display": "0"}, "missing_lines": [131, 132, 133, 134], "excluded_lines": []}, "PHIDetector.detect_phi": {"executed_lines": [], "summary": {"covered_lines": 0, "num_statements": 20, "percent_covered": 0.0, "percent_covered_display": "0", "missing_lines": 20, "excluded_lines": 0, "percent_statements_covered": 0.0, "percent_statements_covered_display": "0"}, "missing_lines": [206, 207, 208, 211, 212, 213, 214, 215, 218, 219, 220, 221, 222, 225, 226, 227, 228, 229, 230, 232], "excluded_lines": []}, "PHIDetector.extract_justification": {"executed_lines": [], "summary": {"covered_lines": 0, "num_statements": 12, "percent_covered": 0.0, "percent_covered_display": "0", "missing_lines": 12, "excluded_lines": 0, "percent_statements_covered": 0.0, "percent_statements_covered_display": "0"}, "missing_lines": [259, 260, 263, 264, 265, 268, 269, 270, 271, 274, 275, 276], "excluded_lines": []}, "ComplianceWrapper.__init__": {"executed_lines": [], "summary": {"covered_lines": 0, "num_statements": 1, "percent_covered": 0.0, "percent_covered_display": "0", "missing_lines": 1, "excluded_lines": 0, "percent_statements_covered": 0.0, "percent_statements_covered_display": "0"}, "missing_lines": [298], "excluded_lines": []}, "ComplianceWrapper.on_agent_action_complete": {"executed_lines": [], "summary": {"covered_lines": 0, "num_statements": 19, "percent_covered": 0.0, "percent_covered_display": "0", "missing_lines": 19, "excluded_lines": 0, "percent_statements_covered": 0.0, "percent_statements_covered_display": "0"}, "missing_lines": [325, 328, 331, 334, 335, 336, 337, 338, 341, 342, 343, 348, 350, 353, 354, 356, 358, 359, 360], "excluded_lines": []}, "SyncEngineFactory.create_sync_engine": {"executed_lines": [], "summary": {"covered_lines": 0, "num_statements": 23, "percent_covered": 0.0, "percent_covered_display": "0", "missing_lines": 23, "excluded_lines": 0, "percent_statements_covered": 0.0, "percent_statements_covered_display": "0"}, "missing_lines": [409, 411, 412, 413, 416, 417, 420, 421, 422, 425, 428, 429, 430, 432, 435, 436, 439, 442, 444, 445, 447, 448, 449], "excluded_lines": []}, "trigger_sync_completion": {"executed_lines": [], "summary": {"covered_lines": 0, "num_statements": 20, "percent_covered": 0.0, "percent_covered_display": "0", "missing_lines": 20, "excluded_lines": 0, "percent_statements_covered": 0.0, "percent_statements_covered_display": "0"}, "missing_lines": [507, 508, 511, 512, 513, 515, 517, 520, 521, 524, 525, 526, 529, 533, 537, 538, 540, 542, 543, 545], "excluded_lines": []}, "": {"executed_lines": [], "summary": {"covered_lines": 0, "num_statements": 36, "percent_covered": 0.0, "percent_covered_display": "0", "missing_lines": 36, "excluded_lines": 0, "percent_statements_covered": 0.0, "percent_statements_covered_display": "0"}, "missing_lines": [29, 30, 31, 32, 33, 34, 35, 36, 37, 39, 42, 45, 46, 47, 48, 51, 71, 72, 115, 116, 137, 159, 180, 183, 185, 186, 234, 235, 279, 292, 300, 363, 377, 379, 380, 452], "excluded_lines": []}}, "classes": {"FlowTokenType": {"executed_lines": [], "summary": {"covered_lines": 0, "num_statements": 0, "percent_covered": 100.0, "percent_covered_display": "100", "missing_lines": 0, "excluded_lines": 0, "percent_statements_covered": 100.0, "percent_statements_covered_display": "100"}, "missing_lines": [], "excluded_lines": []}, "FlowTokenManager": {"executed_lines": [], "summary": {"covered_lines": 0, "num_statements": 23, "percent_covered": 0.0, "percent_covered_display": "0", "missing_lines": 23, "excluded_lines": 0, "percent_statements_covered": 0.0, "percent_statements_covered_display": "0"}, "missing_lines": [83, 86, 90, 91, 92, 95, 96, 97, 98, 101, 102, 103, 104, 105, 106, 108, 109, 110, 113, 131, 132, 133, 134], "excluded_lines": []}, "PHIDetector": {"executed_lines": [], "summary": {"covered_lines": 0, "num_statements": 32, "percent_covered": 0.0, "percent_covered_display": "0", "missing_lines": 32, "excluded_lines": 0, "percent_statements_covered": 0.0, "percent_statements_covered_display": "0"}, "missing_lines": [206, 207, 208, 211, 212, 213, 214, 215, 218, 219, 220, 221, 222, 225, 226, 227, 228, 229, 230, 232, 259, 260, 263, 264, 265, 268, 269, 270, 271, 274, 275, 276], "excluded_lines": []}, "ComplianceWrapper": {"executed_lines": [], "summary": {"covered_lines": 0, "num_statements": 20, "percent_covered": 0.0, "percent_covered_display": "0", "missing_lines": 20, "excluded_lines": 0, "percent_statements_covered": 0.0, "percent_statements_covered_display": "0"}, "missing_lines": [298, 325, 328, 331, 334, 335, 336, 337, 338, 341, 342, 343, 348, 350, 353, 354, 356, 358, 359, 360], "excluded_lines": []}, "SyncEngineFactory": {"executed_lines": [], "summary": {"covered_lines": 0, "num_statements": 23, "percent_covered": 0.0, "percent_covered_display": "0", "missing_lines": 23, "excluded_lines": 0, "percent_statements_covered": 0.0, "percent_statements_covered_display": "0"}, "missing_lines": [409, 411, 412, 413, 416, 417, 420, 421, 422, 425, 428, 429, 430, 432, 435, 436, 439, 442, 444, 445, 447, 448, 449], "excluded_lines": []}, "": {"executed_lines": [], "summary": {"covered_lines": 0, "num_statements": 56, "percent_covered": 0.0, "percent_covered_display": "0", "missing_lines": 56, "excluded_lines": 0, "percent_statements_covered": 0.0, "percent_statements_covered_display": "0"}, "missing_lines": [29, 30, 31, 32, 33, 34, 35, 36, 37, 39, 42, 45, 46, 47, 48, 51, 71, 72, 115, 116, 137, 159, 180, 183, 185, 186, 234, 235, 279, 292, 300, 363, 377, 379, 380, 452, 507, 508, 511, 512, 513, 515, 517, 520, 521, 524, 525, 526, 529, 533, 537, 538, 540, 542, 543, 545], "excluded_lines": []}}}}, "totals": {"covered_lines": 0, "num_statements": 1169, "percent_covered": 0.0, "percent_covered_display": "0", "missing_lines": 1169, "excluded_lines": 0, "percent_statements_covered": 0.0, "percent_statements_covered_display": "0"}}